<?xml version="1.0" encoding="UTF-8"?>
<!-- Generated by org.testng.reporters.JUnitXMLReporter -->
<testsuite ignored="0" hostname="LAPTOP-3ELS900Q" failures="3" tests="7" name="Test1" time="80.565" errors="0" timestamp="2025-09-26T19:02:42 IST">
  <testcase classname="testCases.TC001_AccountRegistrationTest" name="verify_account_registration" time="2.392"/>
  <testcase classname="testCases.TC002_AccountLoginTest" name="verify_Login" time="1.898"/>
  <testcase classname="testCases.TC003_LoginDDT" name="verify_login_DDT" time="1.667"/>
  <testcase classname="testCases.TC003_LoginDDT" name="verify_login_DDT" time="20.973">
    <failure type="java.lang.AssertionError" message="null">
      <![CDATA[java.lang.AssertionError: null
at testCases.TC003_LoginDDT.verify_login_DDT(TC003_LoginDDT.java:76)
at java.base/java.util.ArrayList.forEach(ArrayList.java:1604)
... Removed 31 stack frames]]>
    </failure>
  </testcase> <!-- verify_login_DDT -->
  <testcase classname="testCases.TC003_LoginDDT" name="verify_login_DDT" time="21.139">
    <failure type="java.lang.AssertionError" message="null">
      <![CDATA[java.lang.AssertionError: null
at testCases.TC003_LoginDDT.verify_login_DDT(TC003_LoginDDT.java:76)
at java.base/java.util.ArrayList.forEach(ArrayList.java:1604)
... Removed 31 stack frames]]>
    </failure>
  </testcase> <!-- verify_login_DDT -->
  <testcase classname="testCases.TC003_LoginDDT" name="verify_login_DDT" time="20.623">
    <failure type="java.lang.AssertionError" message="null">
      <![CDATA[java.lang.AssertionError: null
at testCases.TC003_LoginDDT.verify_login_DDT(TC003_LoginDDT.java:76)
at java.base/java.util.ArrayList.forEach(ArrayList.java:1604)
... Removed 31 stack frames]]>
    </failure>
  </testcase> <!-- verify_login_DDT -->
  <testcase classname="testCases.TC003_LoginDDT" name="verify_login_DDT" time="2.726"/>
</testsuite> <!-- Test1 -->
